{"contracts\\DEX.sol":{"l":{"28":81,"29":81,"30":81,"31":81,"42":29,"50":29,"53":27,"54":27,"56":27,"58":24,"59":24,"63":3,"64":3,"66":3,"67":3,"71":27,"72":27,"75":27,"76":27,"78":27,"89":7,"97":7,"98":7,"99":6,"101":6,"102":6,"103":6,"106":6,"107":6,"110":6,"111":6,"114":6,"117":6,"118":6,"128":13,"136":13,"137":12,"139":12,"140":12,"143":12,"146":12,"147":12,"150":12,"153":12,"163":5,"171":5,"172":4,"174":4,"175":4,"177":4,"179":4,"180":4,"182":4,"184":4,"190":6,"191":1,"193":5,"200":14,"211":20,"212":20,"215":20,"216":20,"217":20,"218":20,"222":24,"223":24,"224":24,"225":24,"226":24,"227":1728,"228":1728},"path":"C:\\Users\\yaswa\\OneDrive\\Desktop\\Dex-amm\\contracts\\DEX.sol","s":{"1":81,"2":81,"3":29,"4":29,"5":27,"6":27,"7":27,"8":24,"9":3,"10":3,"11":3,"12":27,"13":7,"14":7,"15":7,"16":6,"17":6,"18":6,"19":6,"20":6,"21":13,"22":13,"23":12,"24":12,"25":12,"26":12,"27":12,"28":5,"29":5,"30":4,"31":4,"32":4,"33":4,"34":4,"35":6,"36":1,"37":5,"38":14,"39":20,"40":20,"41":20,"42":20,"43":20,"44":24,"45":0,"46":24,"47":0,"48":24,"49":24},"b":{"1":[81,0],"2":[81,0],"3":[29,0],"4":[27,2],"5":[24,3],"6":[24,0],"7":[3,0],"8":[3,0],"9":[7,0],"10":[7,0],"11":[6,1],"12":[6,0],"13":[6,0],"14":[6,0],"15":[13,0],"16":[12,1],"17":[12,0],"18":[12,0],"19":[5,0],"20":[4,1],"21":[4,0],"22":[4,0],"23":[1,5],"24":[20,0],"25":[20,0],"26":[0,24],"27":[0,24]},"f":{"1":81,"2":29,"3":29,"4":7,"5":7,"6":13,"7":13,"8":5,"9":5,"10":6,"11":14,"12":20,"13":24},"fnMap":{"1":{"name":"constructor","line":27,"loc":{"start":{"line":27,"column":4},"end":{"line":32,"column":4}}},"2":{"name":"addLiquidity","line":38,"loc":{"start":{"line":38,"column":4},"end":{"line":43,"column":4}}},"3":{"name":"_addLiquidity","line":47,"loc":{"start":{"line":45,"column":4},"end":{"line":79,"column":4}}},"4":{"name":"removeLiquidity","line":85,"loc":{"start":{"line":85,"column":4},"end":{"line":90,"column":4}}},"5":{"name":"_removeLiquidity","line":94,"loc":{"start":{"line":92,"column":4},"end":{"line":119,"column":4}}},"6":{"name":"swapAForB","line":124,"loc":{"start":{"line":124,"column":4},"end":{"line":129,"column":4}}},"7":{"name":"_swapAForB","line":133,"loc":{"start":{"line":131,"column":4},"end":{"line":154,"column":4}}},"8":{"name":"swapBForA","line":159,"loc":{"start":{"line":159,"column":4},"end":{"line":164,"column":4}}},"9":{"name":"_swapBForA","line":168,"loc":{"start":{"line":166,"column":4},"end":{"line":185,"column":4}}},"10":{"name":"getPrice","line":189,"loc":{"start":{"line":189,"column":4},"end":{"line":194,"column":4}}},"11":{"name":"getReserves","line":199,"loc":{"start":{"line":199,"column":4},"end":{"line":201,"column":4}}},"12":{"name":"getAmountOut","line":206,"loc":{"start":{"line":206,"column":4},"end":{"line":219,"column":4}}},"13":{"name":"_sqrt","line":221,"loc":{"start":{"line":221,"column":4},"end":{"line":230,"column":4}}}},"statementMap":{"1":{"start":{"line":28,"column":8},"end":{"line":28,"column":78}},"2":{"start":{"line":29,"column":8},"end":{"line":29,"column":48}},"3":{"start":{"line":42,"column":8},"end":{"line":42,"column":46}},"4":{"start":{"line":50,"column":8},"end":{"line":50,"column":57}},"5":{"start":{"line":53,"column":8},"end":{"line":53,"column":74}},"6":{"start":{"line":54,"column":8},"end":{"line":54,"column":74}},"7":{"start":{"line":56,"column":8},"end":{"line":56,"column":2178}},"8":{"start":{"line":59,"column":12},"end":{"line":59,"column":65}},"9":{"start":{"line":63,"column":12},"end":{"line":63,"column":63}},"10":{"start":{"line":64,"column":12},"end":{"line":64,"column":58}},"11":{"start":{"line":67,"column":12},"end":{"line":67,"column":65}},"12":{"start":{"line":78,"column":8},"end":{"line":78,"column":74}},"13":{"start":{"line":89,"column":8},"end":{"line":89,"column":48}},"14":{"start":{"line":97,"column":8},"end":{"line":97,"column":50}},"15":{"start":{"line":98,"column":8},"end":{"line":98,"column":80}},"16":{"start":{"line":99,"column":8},"end":{"line":99,"column":50}},"17":{"start":{"line":103,"column":8},"end":{"line":103,"column":65}},"18":{"start":{"line":114,"column":8},"end":{"line":114,"column":76}},"19":{"start":{"line":117,"column":8},"end":{"line":117,"column":55}},"20":{"start":{"line":118,"column":8},"end":{"line":118,"column":55}},"21":{"start":{"line":128,"column":8},"end":{"line":128,"column":36}},"22":{"start":{"line":136,"column":8},"end":{"line":136,"column":44}},"23":{"start":{"line":137,"column":8},"end":{"line":137,"column":60}},"24":{"start":{"line":140,"column":8},"end":{"line":140,"column":81}},"25":{"start":{"line":143,"column":8},"end":{"line":143,"column":76}},"26":{"start":{"line":150,"column":8},"end":{"line":150,"column":68}},"27":{"start":{"line":153,"column":8},"end":{"line":153,"column":58}},"28":{"start":{"line":163,"column":8},"end":{"line":163,"column":36}},"29":{"start":{"line":171,"column":8},"end":{"line":171,"column":44}},"30":{"start":{"line":172,"column":8},"end":{"line":172,"column":60}},"31":{"start":{"line":175,"column":8},"end":{"line":175,"column":81}},"32":{"start":{"line":177,"column":8},"end":{"line":177,"column":76}},"33":{"start":{"line":182,"column":8},"end":{"line":182,"column":68}},"34":{"start":{"line":184,"column":8},"end":{"line":184,"column":58}},"35":{"start":{"line":190,"column":8},"end":{"line":190,"column":7008}},"36":{"start":{"line":191,"column":12},"end":{"line":191,"column":20}},"37":{"start":{"line":193,"column":8},"end":{"line":193,"column":34}},"38":{"start":{"line":200,"column":8},"end":{"line":200,"column":35}},"39":{"start":{"line":211,"column":8},"end":{"line":211,"column":44}},"40":{"start":{"line":212,"column":8},"end":{"line":212,"column":63}},"41":{"start":{"line":215,"column":8},"end":{"line":215,"column":49}},"42":{"start":{"line":216,"column":8},"end":{"line":216,"column":56}},"43":{"start":{"line":217,"column":8},"end":{"line":217,"column":66}},"44":{"start":{"line":222,"column":8},"end":{"line":222,"column":28}},"45":{"start":{"line":222,"column":20},"end":{"line":222,"column":28}},"46":{"start":{"line":223,"column":8},"end":{"line":223,"column":28}},"47":{"start":{"line":223,"column":20},"end":{"line":223,"column":28}},"48":{"start":{"line":225,"column":8},"end":{"line":225,"column":31}},"49":{"start":{"line":226,"column":8},"end":{"line":226,"column":8316}}},"branchMap":{"1":{"line":28,"type":"if","locations":[{"start":{"line":28,"column":8},"end":{"line":28,"column":8}},{"start":{"line":28,"column":8},"end":{"line":28,"column":8}}]},"2":{"line":29,"type":"if","locations":[{"start":{"line":29,"column":8},"end":{"line":29,"column":8}},{"start":{"line":29,"column":8},"end":{"line":29,"column":8}}]},"3":{"line":47,"type":"if","locations":[{"start":{"line":47,"column":8},"end":{"line":47,"column":8}},{"start":{"line":47,"column":8},"end":{"line":47,"column":8}}]},"4":{"line":50,"type":"if","locations":[{"start":{"line":50,"column":8},"end":{"line":50,"column":8}},{"start":{"line":50,"column":8},"end":{"line":50,"column":8}}]},"5":{"line":56,"type":"if","locations":[{"start":{"line":56,"column":8},"end":{"line":56,"column":8}},{"start":{"line":56,"column":8},"end":{"line":56,"column":8}}]},"6":{"line":59,"type":"if","locations":[{"start":{"line":59,"column":12},"end":{"line":59,"column":12}},{"start":{"line":59,"column":12},"end":{"line":59,"column":12}}]},"7":{"line":64,"type":"if","locations":[{"start":{"line":64,"column":12},"end":{"line":64,"column":12}},{"start":{"line":64,"column":12},"end":{"line":64,"column":12}}]},"8":{"line":67,"type":"if","locations":[{"start":{"line":67,"column":12},"end":{"line":67,"column":12}},{"start":{"line":67,"column":12},"end":{"line":67,"column":12}}]},"9":{"line":94,"type":"if","locations":[{"start":{"line":94,"column":8},"end":{"line":94,"column":8}},{"start":{"line":94,"column":8},"end":{"line":94,"column":8}}]},"10":{"line":97,"type":"if","locations":[{"start":{"line":97,"column":8},"end":{"line":97,"column":8}},{"start":{"line":97,"column":8},"end":{"line":97,"column":8}}]},"11":{"line":98,"type":"if","locations":[{"start":{"line":98,"column":8},"end":{"line":98,"column":8}},{"start":{"line":98,"column":8},"end":{"line":98,"column":8}}]},"12":{"line":99,"type":"if","locations":[{"start":{"line":99,"column":8},"end":{"line":99,"column":8}},{"start":{"line":99,"column":8},"end":{"line":99,"column":8}}]},"13":{"line":103,"type":"if","locations":[{"start":{"line":103,"column":8},"end":{"line":103,"column":8}},{"start":{"line":103,"column":8},"end":{"line":103,"column":8}}]},"14":{"line":103,"type":"cond-expr","locations":[{"start":{"line":103,"column":16},"end":{"line":103,"column":26}},{"start":{"line":103,"column":31},"end":{"line":103,"column":41}}]},"15":{"line":133,"type":"if","locations":[{"start":{"line":133,"column":8},"end":{"line":133,"column":8}},{"start":{"line":133,"column":8},"end":{"line":133,"column":8}}]},"16":{"line":136,"type":"if","locations":[{"start":{"line":136,"column":8},"end":{"line":136,"column":8}},{"start":{"line":136,"column":8},"end":{"line":136,"column":8}}]},"17":{"line":137,"type":"if","locations":[{"start":{"line":137,"column":8},"end":{"line":137,"column":8}},{"start":{"line":137,"column":8},"end":{"line":137,"column":8}}]},"18":{"line":140,"type":"if","locations":[{"start":{"line":140,"column":8},"end":{"line":140,"column":8}},{"start":{"line":140,"column":8},"end":{"line":140,"column":8}}]},"19":{"line":168,"type":"if","locations":[{"start":{"line":168,"column":8},"end":{"line":168,"column":8}},{"start":{"line":168,"column":8},"end":{"line":168,"column":8}}]},"20":{"line":171,"type":"if","locations":[{"start":{"line":171,"column":8},"end":{"line":171,"column":8}},{"start":{"line":171,"column":8},"end":{"line":171,"column":8}}]},"21":{"line":172,"type":"if","locations":[{"start":{"line":172,"column":8},"end":{"line":172,"column":8}},{"start":{"line":172,"column":8},"end":{"line":172,"column":8}}]},"22":{"line":175,"type":"if","locations":[{"start":{"line":175,"column":8},"end":{"line":175,"column":8}},{"start":{"line":175,"column":8},"end":{"line":175,"column":8}}]},"23":{"line":190,"type":"if","locations":[{"start":{"line":190,"column":8},"end":{"line":190,"column":8}},{"start":{"line":190,"column":8},"end":{"line":190,"column":8}}]},"24":{"line":211,"type":"if","locations":[{"start":{"line":211,"column":8},"end":{"line":211,"column":8}},{"start":{"line":211,"column":8},"end":{"line":211,"column":8}}]},"25":{"line":212,"type":"if","locations":[{"start":{"line":212,"column":8},"end":{"line":212,"column":8}},{"start":{"line":212,"column":8},"end":{"line":212,"column":8}}]},"26":{"line":222,"type":"if","locations":[{"start":{"line":222,"column":8},"end":{"line":222,"column":8}},{"start":{"line":222,"column":8},"end":{"line":222,"column":8}}]},"27":{"line":223,"type":"if","locations":[{"start":{"line":223,"column":8},"end":{"line":223,"column":8}},{"start":{"line":223,"column":8},"end":{"line":223,"column":8}}]}}},"contracts\\MockERC20.sol":{"l":{"11":162,"16":108},"path":"C:\\Users\\yaswa\\OneDrive\\Desktop\\Dex-amm\\contracts\\MockERC20.sol","s":{"1":162,"2":108},"b":{},"f":{"1":162,"2":108},"fnMap":{"1":{"name":"constructor","line":10,"loc":{"start":{"line":10,"column":4},"end":{"line":12,"column":4}}},"2":{"name":"mint","line":15,"loc":{"start":{"line":15,"column":4},"end":{"line":17,"column":4}}}},"statementMap":{"1":{"start":{"line":11,"column":8},"end":{"line":11,"column":42}},"2":{"start":{"line":16,"column":8},"end":{"line":16,"column":24}}},"branchMap":{}}}